<?xml version="1.0" encoding="UTF-8"?>
<!-- Generated by org.testng.reporters.JUnitXMLReporter -->
<testsuite hostname="DESKTOP-KHVE45V" ignored="0" name="Get Weather By City Name" tests="1" failures="1" timestamp="07 Feb 2019 21:12:59 GMT" time="0.128" errors="0">
  <testcase name="getCityWeatherWithParams" time="0.119" classname="com.http.TestNGTests.TC_02_GetCityWeatherWithParams">
    <failure type="java.lang.AssertionError" message="expected [800] but found [802]">
      <![CDATA[java.lang.AssertionError: expected [800] but found [802]
at com.http.TestNGTests.TC_02_GetCityWeatherWithParams.getCityWeatherWithParams(TC_02_GetCityWeatherWithParams.java:80)
... Removed 31 stack frames]]>
    </failure>
  </testcase> <!-- getCityWeatherWithParams -->
</testsuite> <!-- Get Weather By City Name -->
